2025-08-21 14:22:11.836 [Test worker] INFO  c.e.layered.LayeredApplicationTests - Starting LayeredApplicationTests using Java 21.0.8 with PID 21100 (started by nurishin in /Users/nurishin/workspace/personal/layered)
2025-08-21 14:22:11.837 [Test worker] DEBUG c.e.layered.LayeredApplicationTests - Running with Spring Boot v3.5.4, Spring v6.2.9
2025-08-21 14:22:11.838 [Test worker] INFO  c.e.layered.LayeredApplicationTests - The following 1 profile is active: "local"
2025-08-21 14:22:12.191 [Test worker] WARN  o.m.s.mapper.ClassPathMapperScanner - No MyBatis mapper was found in '[com.example.layered.**.mapper]' package. Please check your configuration.
2025-08-21 14:22:12.653 [Test worker] DEBUG o.m.spring.SqlSessionFactoryBean - Property 'mapperLocations' was not specified.
2025-08-21 14:22:12.711 [Test worker] WARN  o.s.b.a.s.s.UserDetailsServiceAutoConfiguration - 

Using generated security password: 7c000a26-6fb2-400c-88da-90a891c7672d

This generated password is for development use only. Your security configuration must be updated before running your application in production.

2025-08-21 14:22:12.715 [Test worker] INFO  o.s.s.c.a.a.c.InitializeUserDetailsBeanManagerConfigurer$InitializeUserDetailsManagerConfigurer - Global AuthenticationManager configured with UserDetailsService bean with name inMemoryUserDetailsManager
2025-08-21 14:22:12.758 [Test worker] DEBUG o.s.s.web.DefaultSecurityFilterChain - Will secure any request with filters: DisableEncodeUrlFilter, WebAsyncManagerIntegrationFilter, SecurityContextHolderFilter, HeaderWriterFilter, CsrfFilter, LogoutFilter, UsernamePasswordAuthenticationFilter, DefaultResourcesFilter, DefaultLoginPageGeneratingFilter, DefaultLogoutPageGeneratingFilter, BasicAuthenticationFilter, RequestCacheAwareFilter, SecurityContextHolderAwareRequestFilter, AnonymousAuthenticationFilter, ExceptionTranslationFilter, AuthorizationFilter
2025-08-21 14:22:12.791 [Test worker] INFO  c.e.layered.LayeredApplicationTests - Started LayeredApplicationTests in 1.171 seconds (process running for 1.708)
2025-08-21 14:32:49.029 [main] INFO  c.example.layered.LayeredApplication - Starting LayeredApplication using Java 21.0.8 with PID 21152 (/Users/nurishin/workspace/personal/layered/build/classes/java/main started by nurishin in /Users/nurishin/workspace/personal/layered)
2025-08-21 14:32:49.029 [main] DEBUG c.example.layered.LayeredApplication - Running with Spring Boot v3.5.4, Spring v6.2.9
2025-08-21 14:32:49.030 [main] INFO  c.example.layered.LayeredApplication - The following 1 profile is active: "local"
2025-08-21 14:32:49.385 [main] WARN  o.m.s.mapper.ClassPathMapperScanner - No MyBatis mapper was found in '[com.example.layered.**.mapper]' package. Please check your configuration.
2025-08-21 14:32:49.557 [main] INFO  o.s.b.w.e.tomcat.TomcatWebServer - Tomcat initialized with port 8080 (http)
2025-08-21 14:32:49.565 [main] INFO  o.a.catalina.core.StandardService - Starting service [Tomcat]
2025-08-21 14:32:49.566 [main] INFO  o.a.catalina.core.StandardEngine - Starting Servlet engine: [Apache Tomcat/10.1.43]
2025-08-21 14:32:49.586 [main] INFO  o.a.c.c.C.[Tomcat].[localhost].[/] - Initializing Spring embedded WebApplicationContext
2025-08-21 14:32:49.587 [main] INFO  o.s.b.w.s.c.ServletWebServerApplicationContext - Root WebApplicationContext: initialization completed in 539 ms
2025-08-21 14:32:49.863 [main] DEBUG o.m.spring.SqlSessionFactoryBean - Property 'mapperLocations' was not specified.
2025-08-21 14:32:49.921 [main] WARN  o.s.b.a.s.s.UserDetailsServiceAutoConfiguration - 

Using generated security password: 86cb544a-6fde-4d31-80f2-072622c64272

This generated password is for development use only. Your security configuration must be updated before running your application in production.

2025-08-21 14:32:49.924 [main] INFO  o.s.s.c.a.a.c.InitializeUserDetailsBeanManagerConfigurer$InitializeUserDetailsManagerConfigurer - Global AuthenticationManager configured with UserDetailsService bean with name inMemoryUserDetailsManager
2025-08-21 14:32:49.964 [main] DEBUG o.s.s.web.DefaultSecurityFilterChain - Will secure any request with filters: DisableEncodeUrlFilter, WebAsyncManagerIntegrationFilter, SecurityContextHolderFilter, HeaderWriterFilter, CsrfFilter, LogoutFilter, UsernamePasswordAuthenticationFilter, DefaultResourcesFilter, DefaultLoginPageGeneratingFilter, DefaultLogoutPageGeneratingFilter, BasicAuthenticationFilter, RequestCacheAwareFilter, SecurityContextHolderAwareRequestFilter, AnonymousAuthenticationFilter, ExceptionTranslationFilter, AuthorizationFilter
2025-08-21 14:32:49.997 [main] INFO  o.s.b.w.e.tomcat.TomcatWebServer - Tomcat started on port 8080 (http) with context path '/'
2025-08-21 14:32:50.003 [main] INFO  c.example.layered.LayeredApplication - Started LayeredApplication in 1.245 seconds (process running for 1.602)
2025-08-21 14:33:01.821 [SpringApplicationShutdownHook] INFO  o.s.b.w.e.tomcat.GracefulShutdown - Commencing graceful shutdown. Waiting for active requests to complete
2025-08-21 14:33:01.826 [tomcat-shutdown] INFO  o.s.b.w.e.tomcat.GracefulShutdown - Graceful shutdown complete
